C:\USERS\CTJ\DOCUMENTS\GITHUB\MFC\MFC\DEBUG\MFC.PCH
C:\USERS\CTJ\DOCUMENTS\GITHUB\MFC\MFC\DEBUG\STDAFX.OBJ
C:\USERS\CTJ\DOCUMENTS\GITHUB\MFC\MFC\DEBUG\VC110.PDB
C:\USERS\CTJ\DOCUMENTS\GITHUB\MFC\MFC\DEBUG\MFC.OBJ
C:\USERS\CTJ\DOCUMENTS\GITHUB\MFC\MFC\DEBUG\MFCDLG.OBJ
C:\USERS\CTJ\DOCUMENTS\GITHUB\MFC\MFC\DEBUG\MFC.RES
C:\Users\CTJ\Documents\GitHub\MFC\MFC\Debug\MFC.obj
C:\Users\CTJ\Documents\GitHub\MFC\MFC\Debug\MFCDlg.obj
C:\Users\CTJ\Documents\GitHub\MFC\MFC\Debug\stdafx.obj
C:\Users\CTJ\Documents\GitHub\MFC\MFC\Debug\cl.command.1.tlog
C:\Users\CTJ\Documents\GitHub\MFC\MFC\Debug\CL.read.1.tlog
C:\Users\CTJ\Documents\GitHub\MFC\MFC\Debug\CL.write.1.tlog
C:\Users\CTJ\Documents\GitHub\MFC\MFC\Debug\link-cvtres.read.1.tlog
C:\Users\CTJ\Documents\GitHub\MFC\MFC\Debug\link-cvtres.write.1.tlog
C:\Users\CTJ\Documents\GitHub\MFC\MFC\Debug\link-mt.read.1.tlog
C:\Users\CTJ\Documents\GitHub\MFC\MFC\Debug\link-mt.write.1.tlog
C:\Users\CTJ\Documents\GitHub\MFC\MFC\Debug\link-rc.read.1.tlog
C:\Users\CTJ\Documents\GitHub\MFC\MFC\Debug\link-rc.write.1.tlog
C:\Users\CTJ\Documents\GitHub\MFC\MFC\Debug\link.command.1.tlog
C:\Users\CTJ\Documents\GitHub\MFC\MFC\Debug\link.read.1.tlog
C:\Users\CTJ\Documents\GitHub\MFC\MFC\Debug\link.write.1.tlog
C:\Users\CTJ\Documents\GitHub\MFC\MFC\Debug\rc.command.1.tlog
C:\Users\CTJ\Documents\GitHub\MFC\MFC\Debug\rc.read.1.tlog
C:\Users\CTJ\Documents\GitHub\MFC\MFC\Debug\rc.write.1.tlog
C:\Users\CTJ\Documents\GitHub\MFC\MFC\Debug\MFC.res
C:\Users\CTJ\Documents\GitHub\MFC\MFC\Debug\MFC.pch
C:\Users\CTJ\Documents\GitHub\MFC\MFC\Debug\vc110.idb
C:\Users\CTJ\Documents\GitHub\MFC\MFC\Debug\vc110.pdb
